<?xml version="1.0" encoding="utf-8"?><testsuites name="pytest tests"><testsuite name="pytest" errors="0" failures="8" skipped="0" tests="16" time="5.479" timestamp="2026-03-27T14:28:37.896810+00:00" hostname="agent-env-3ffe904f-af37-42ac-b2a3-4a3736c8421e"><testcase classname="backend.tests.test_new_features.TestAPIHealth" name="test_api_status" time="0.244" /><testcase classname="backend.tests.test_new_features.TestAuthentication" name="test_worker_login" time="0.338"><failure message="AssertionError: assert 'token' in {'access_token': 'eyJhbGciOiJIUzI1NiIsInR5cCI6IkpXVCJ9.eyJ1c2VyX2lkIjoiNWMwYTkzYzctMTRmMi00NDhhLTg2NmMtYWJlNTlhY2Q3NzkxIiwicm9sZSI6IndvcmtlciIsImV4cCI6MTc3NDcwODExOCwiaWF0IjoxNzc0NjIxNzE4fQ.v9BtWEvcMqknDeY1Qpsjsy_0AS5GGmRbUQavxf-He64', 'token_type': 'bearer', 'user': {'created_at': '2026-03-26T17:12:53.924191+00:00', 'email': 'ramesh@demo.com', 'id': '5c0a93c7-14f2-448a-866c-abe59acd7791', 'name': 'Ramesh Kumar', ...}}">backend/tests/test_new_features.py:43: in test_worker_login
    assert "token" in data
E   AssertionError: assert 'token' in {'access_token': 'eyJhbGciOiJIUzI1NiIsInR5cCI6IkpXVCJ9.eyJ1c2VyX2lkIjoiNWMwYTkzYzctMTRmMi00NDhhLTg2NmMtYWJlNTlhY2Q3NzkxIiwicm9sZSI6IndvcmtlciIsImV4cCI6MTc3NDcwODExOCwiaWF0IjoxNzc0NjIxNzE4fQ.v9BtWEvcMqknDeY1Qpsjsy_0AS5GGmRbUQavxf-He64', 'token_type': 'bearer', 'user': {'created_at': '2026-03-26T17:12:53.924191+00:00', 'email': 'ramesh@demo.com', 'id': '5c0a93c7-14f2-448a-866c-abe59acd7791', 'name': 'Ramesh Kumar', ...}}</failure></testcase><testcase classname="backend.tests.test_new_features.TestAuthentication" name="test_employer_login" time="0.350"><failure message="AssertionError: assert 'token' in {'access_token': 'eyJhbGciOiJIUzI1NiIsInR5cCI6IkpXVCJ9.eyJ1c2VyX2lkIjoiNTc5MGM4YzItNjdiYy00N2Q4LWIwN2QtNzBiNjMxYzJmMjNhIiwicm9sZSI6ImVtcGxveWVyIiwiZXhwIjoxNzc0NzA4MTE4LCJpYXQiOjE3NzQ2MjE3MTh9.03eP5URMXCuJQ-54TU2s7qX6mTjChHQIJaKXIpVSJdU', 'token_type': 'bearer', 'user': {'created_at': '2026-03-26T17:12:54.614244+00:00', 'email': 'abc@contractor.com', 'id': '5790c8c2-67bc-47d8-b07d-70b631c2f23a', 'name': 'ABC Constructions', ...}}">backend/tests/test_new_features.py:55: in test_employer_login
    assert "token" in data
E   AssertionError: assert 'token' in {'access_token': 'eyJhbGciOiJIUzI1NiIsInR5cCI6IkpXVCJ9.eyJ1c2VyX2lkIjoiNTc5MGM4YzItNjdiYy00N2Q4LWIwN2QtNzBiNjMxYzJmMjNhIiwicm9sZSI6ImVtcGxveWVyIiwiZXhwIjoxNzc0NzA4MTE4LCJpYXQiOjE3NzQ2MjE3MTh9.03eP5URMXCuJQ-54TU2s7qX6mTjChHQIJaKXIpVSJdU', 'token_type': 'bearer', 'user': {'created_at': '2026-03-26T17:12:54.614244+00:00', 'email': 'abc@contractor.com', 'id': '5790c8c2-67bc-47d8-b07d-70b631c2f23a', 'name': 'ABC Constructions', ...}}</failure></testcase><testcase classname="backend.tests.test_new_features.TestLocationSearch" name="test_location_search_valid_query" time="0.209" /><testcase classname="backend.tests.test_new_features.TestLocationSearch" name="test_location_search_short_query" time="0.122" /><testcase classname="backend.tests.test_new_features.TestLocationSearch" name="test_location_search_delhi" time="0.425" /><testcase classname="backend.tests.test_new_features.TestLocationSearch" name="test_reverse_geocode" time="0.585" /><testcase classname="backend.tests.test_new_features.TestOTPEndpoints" name="test_otp_send_endpoint_exists" time="0.469"><failure message="AssertionError: Unexpected status: 401&#10;assert 401 in [200, 400, 500, 503]&#10; +  where 401 = &lt;Response [401]&gt;.status_code">backend/tests/test_new_features.py:156: in test_otp_send_endpoint_exists
    assert response.status_code in [200, 400, 500, 503], f"Unexpected status: {response.status_code}"
E   AssertionError: Unexpected status: 401
E   assert 401 in [200, 400, 500, 503]
E    +  where 401 = &lt;Response [401]&gt;.status_code</failure></testcase><testcase classname="backend.tests.test_new_features.TestOTPEndpoints" name="test_otp_send_requires_auth" time="0.102" /><testcase classname="backend.tests.test_new_features.TestOTPEndpoints" name="test_otp_verify_endpoint_exists" time="0.443"><failure message="AssertionError: Unexpected status: 401&#10;assert 401 in [200, 400, 500, 503]&#10; +  where 401 = &lt;Response [401]&gt;.status_code">backend/tests/test_new_features.py:177: in test_otp_verify_endpoint_exists
    assert response.status_code in [200, 400, 500, 503], f"Unexpected status: {response.status_code}"
E   AssertionError: Unexpected status: 401
E   assert 401 in [200, 400, 500, 503]
E    +  where 401 = &lt;Response [401]&gt;.status_code</failure></testcase><testcase classname="backend.tests.test_new_features.TestOTPEndpoints" name="test_otp_verify_requires_auth" time="0.109" /><testcase classname="backend.tests.test_new_features.TestVideoIntroUpload" name="test_video_upload_endpoint_exists" time="0.507"><failure message="AssertionError: Unexpected status: 401&#10;assert 401 in [400, 422]&#10; +  where 401 = &lt;Response [401]&gt;.status_code">backend/tests/test_new_features.py:201: in test_video_upload_endpoint_exists
    assert response.status_code in [400, 422], f"Unexpected status: {response.status_code}"
E   AssertionError: Unexpected status: 401
E   assert 401 in [400, 422]
E    +  where 401 = &lt;Response [401]&gt;.status_code</failure></testcase><testcase classname="backend.tests.test_new_features.TestVideoIntroUpload" name="test_video_upload_requires_auth" time="0.113" /><testcase classname="backend.tests.test_new_features.TestVideoIntroUpload" name="test_video_delete_endpoint_exists" time="0.426"><failure message="AssertionError: Unexpected status: 401&#10;assert 401 in [200, 404]&#10; +  where 401 = &lt;Response [401]&gt;.status_code">backend/tests/test_new_features.py:218: in test_video_delete_endpoint_exists
    assert response.status_code in [200, 404], f"Unexpected status: {response.status_code}"
E   AssertionError: Unexpected status: 401
E   assert 401 in [200, 404]
E    +  where 401 = &lt;Response [401]&gt;.status_code</failure></testcase><testcase classname="backend.tests.test_new_features.TestWorkerProfile" name="test_get_worker_profile" time="0.444"><failure message="AssertionError: Unexpected status: 401&#10;assert 401 in [200, 404]&#10; +  where 401 = &lt;Response [401]&gt;.status_code">backend/tests/test_new_features.py:230: in test_get_worker_profile
    assert response.status_code in [200, 404], f"Unexpected status: {response.status_code}"
E   AssertionError: Unexpected status: 401
E   assert 401 in [200, 404]
E    +  where 401 = &lt;Response [401]&gt;.status_code</failure></testcase><testcase classname="backend.tests.test_new_features.TestEmployerProfile" name="test_get_employer_profile" time="0.465"><failure message="AssertionError: Unexpected status: 401&#10;assert 401 in [200, 404]&#10; +  where 401 = &lt;Response [401]&gt;.status_code">backend/tests/test_new_features.py:249: in test_get_employer_profile
    assert response.status_code in [200, 404], f"Unexpected status: {response.status_code}"
E   AssertionError: Unexpected status: 401
E   assert 401 in [200, 404]
E    +  where 401 = &lt;Response [401]&gt;.status_code</failure></testcase></testsuite></testsuites>